echo "Converting /home/pclark/ProjectPlates/DXF-TBD/3inT4-adapterplate-draft.PDF to /home/pclark/ProjectPlates/PNG/3inT4-adapterplate-draft.png"
echo "Converting /home/pclark/ProjectPlates/DXF-TBD/C5ZZ-6A023-T5-A_Bracket.PDF to /home/pclark/ProjectPlates/PNG/C5ZZ-6A023-T5-A_Bracket.png"
echo "Converting /home/pclark/ProjectPlates/DXF-TBD/C3DZ-9430-STK-B.PDF to /home/pclark/ProjectPlates/PNG/C3DZ-9430-STK-B.png"
echo "Converting /home/pclark/ProjectPlates/DXF-TBD/C3DZ-6A023-T5-A.PDF to /home/pclark/ProjectPlates/PNG/C3DZ-6A023-T5-A.png"
echo "Converting /home/pclark/ProjectPlates/DXF-TBD/C3DZ-9430-RND-A.PDF to /home/pclark/ProjectPlates/PNG/C3DZ-9430-RND-A.png"
echo "Converting /home/pclark/ProjectPlates/DXF-TBD/C3DZ-9430-RND-B.PDF to /home/pclark/ProjectPlates/PNG/C3DZ-9430-RND-B.png"
echo "Converting /home/pclark/ProjectPlates/DXF-TBD/2.5inT4-adapterplate-draft.PDF to /home/pclark/ProjectPlates/PNG/2.5inT4-adapterplate-draft.png"
echo "Converting /home/pclark/ProjectPlates/DXF-TBD/C3DZ-9430-NOPORT-A.PDF to /home/pclark/ProjectPlates/PNG/C3DZ-9430-NOPORT-A.png"
echo "Converting /home/pclark/ProjectPlates/DXF-TBD/3in-2.5inT4-adapterplate-draft.PDF to /home/pclark/ProjectPlates/PNG/3in-2.5inT4-adapterplate-draft.png"
echo "Converting /home/pclark/ProjectPlates/DXF-TBD/C5ZZ-6A023-T5-A_Base.PDF to /home/pclark/ProjectPlates/PNG/C5ZZ-6A023-T5-A_Base.png"
echo "Converting /home/pclark/ProjectPlates/DXF-TBD/C3DZ-9430-STK-A.PDF to /home/pclark/ProjectPlates/PNG/C3DZ-9430-STK-A.png"
echo "Converting /home/pclark/ProjectPlates/Cleanup/headerFlange/HF1.pdf to /home/pclark/ProjectPlates/PNG/HF1.png"
echo "Converting /home/pclark/ProjectPlates/Cleanup/headerFlange/B2.PDF to /home/pclark/ProjectPlates/PNG/B2.png"
echo "Converting /home/pclark/ProjectPlates/Cleanup/headerFlange/a1.PDF to /home/pclark/ProjectPlates/PNG/a1.png"
echo "Converting /home/pclark/ProjectPlates/Cleanup/headerFlange/h2.PDF to /home/pclark/ProjectPlates/PNG/h2.png"
echo "Converting /home/pclark/ProjectPlates/Cleanup/headerFlange/B1.PDF to /home/pclark/ProjectPlates/PNG/B1.png"
echo "Converting /home/pclark/ProjectPlates/Cleanup/headerFlange/h1.PDF to /home/pclark/ProjectPlates/PNG/h1.png"
echo "Converting /home/pclark/ProjectPlates/Cleanup/headerFlange/a4.PDF to /home/pclark/ProjectPlates/PNG/a4.png"
echo "Converting /home/pclark/ProjectPlates/Cleanup/headerFlange/a3.PDF to /home/pclark/ProjectPlates/PNG/a3.png"
echo "Converting /home/pclark/ProjectPlates/Cleanup/headerFlange/h3.PDF to /home/pclark/ProjectPlates/PNG/h3.png"
echo "Converting /home/pclark/ProjectPlates/Cleanup/headerFlange/a2.PDF to /home/pclark/ProjectPlates/PNG/a2.png"
echo "Converting /home/pclark/ProjectPlates/Cleanup/FalconT5Crossmember.PDF to /home/pclark/ProjectPlates/PNG/FalconT5Crossmember.png"
echo "Converting /home/pclark/ProjectPlates/Cleanup/170-200-250-HeaderFlange.PDF to /home/pclark/ProjectPlates/PNG/170-200-250-HeaderFlange.png"
echo "Converting /home/pclark/ProjectPlates/FIXME/headerFlange/HF1.pdf to /home/pclark/ProjectPlates/PNG/HF1.png"
echo "Converting /home/pclark/ProjectPlates/FIXME/headerFlange/B2.PDF to /home/pclark/ProjectPlates/PNG/B2.png"
echo "Converting /home/pclark/ProjectPlates/FIXME/headerFlange/a1.PDF to /home/pclark/ProjectPlates/PNG/a1.png"
echo "Converting /home/pclark/ProjectPlates/FIXME/headerFlange/h2.PDF to /home/pclark/ProjectPlates/PNG/h2.png"
echo "Converting /home/pclark/ProjectPlates/FIXME/headerFlange/B1.PDF to /home/pclark/ProjectPlates/PNG/B1.png"
echo "Converting /home/pclark/ProjectPlates/FIXME/headerFlange/h1.PDF to /home/pclark/ProjectPlates/PNG/h1.png"
echo "Converting /home/pclark/ProjectPlates/FIXME/headerFlange/a4.PDF to /home/pclark/ProjectPlates/PNG/a4.png"
echo "Converting /home/pclark/ProjectPlates/FIXME/headerFlange/a3.PDF to /home/pclark/ProjectPlates/PNG/a3.png"
echo "Converting /home/pclark/ProjectPlates/FIXME/headerFlange/h3.PDF to /home/pclark/ProjectPlates/PNG/h3.png"
echo "Converting /home/pclark/ProjectPlates/FIXME/headerFlange/a2.PDF to /home/pclark/ProjectPlates/PNG/a2.png"
echo "Converting /home/pclark/ProjectPlates/PDF/65-66-OuterShockTowerReinforcement.PDF to /home/pclark/ProjectPlates/PNG/65-66-OuterShockTowerReinforcement.png"
echo "Converting /home/pclark/ProjectPlates/PDF/65-66-OuterShockTowerReinforcement.pdf to /home/pclark/ProjectPlates/PNG/65-66-OuterShockTowerReinforcement.png"
echo "Converting /home/pclark/ProjectPlates/PDF/CutFile-65-66-OuterShockTowerReinforcement.pdf to /home/pclark/ProjectPlates/PNG/CutFile-65-66-OuterShockTowerReinforcement.png"
echo "Converting /home/pclark/ProjectPlates/PDF/FORD-60-LiftPlate.PDF to /home/pclark/ProjectPlates/PNG/FORD-60-LiftPlate.png"
echo "Converting /home/pclark/ProjectPlates/PDF/FORD-60-WRENCH.PDF to /home/pclark/ProjectPlates/PNG/FORD-60-WRENCH.png"
