echo "Converting /home/pclark/ProjectPlates/PDF/BELLHOUSING-TEST-4-WITHFLYWHEEL.PDF to /home/pclark/ProjectPlates/PNG/BELLHOUSING-TEST-4-WITHFLYWHEEL.png"
echo "Converting /home/pclark/ProjectPlates/PDF/BELLHOUSING-TEST-2.PDF to /home/pclark/ProjectPlates/PNG/BELLHOUSING-TEST-2.png"
echo "Converting /home/pclark/ProjectPlates/PDF/BELLHOUSING-TEST-3.PDF to /home/pclark/ProjectPlates/PNG/BELLHOUSING-TEST-3.png"
echo "Converting /home/pclark/ProjectPlates/PDF/H4ZZ-9T430-A-PP.PDF to /home/pclark/ProjectPlates/PNG/H4ZZ-9T430-A-PP.png"
echo "Converting /home/pclark/ProjectPlates/PDF/C3DZ-ENGINE-BRACKET-TEST.PDF to /home/pclark/ProjectPlates/PNG/C3DZ-ENGINE-BRACKET-TEST.png"
echo "Converting /home/pclark/ProjectPlates/PDF/H4ZZ-9T430-B-PP.PDF to /home/pclark/ProjectPlates/PNG/H4ZZ-9T430-B-PP.png"
echo "Converting /home/pclark/ProjectPlates/PDF/C3DZ-ENGINE-BRACKET-HOLESPACING.PDF to /home/pclark/ProjectPlates/PNG/C3DZ-ENGINE-BRACKET-HOLESPACING.png"
echo "Converting /home/pclark/ProjectPlates/PDF/C5ZZ-6A023-T5-A_Bracket.PDF to /home/pclark/ProjectPlates/PNG/C5ZZ-6A023-T5-A_Bracket.png"
echo "Converting /home/pclark/ProjectPlates/PDF/ALL-CURRENT-JUN252014.PDF to /home/pclark/ProjectPlates/PNG/ALL-CURRENT-JUN252014.png"
echo "Converting /home/pclark/ProjectPlates/PDF/C3DZ-9430-STK-B.PDF to /home/pclark/ProjectPlates/PNG/C3DZ-9430-STK-B.png"
echo "Converting /home/pclark/ProjectPlates/PDF/C3DZ-ENGINE-BRACKET.PDF to /home/pclark/ProjectPlates/PNG/C3DZ-ENGINE-BRACKET.png"
echo "Converting /home/pclark/ProjectPlates/PDF/C3DZ-6A023-T5-A.PDF to /home/pclark/ProjectPlates/PNG/C3DZ-6A023-T5-A.png"
echo "Converting /home/pclark/ProjectPlates/PDF/C3DZ-9430-RND-A.PDF to /home/pclark/ProjectPlates/PNG/C3DZ-9430-RND-A.png"
echo "Converting /home/pclark/ProjectPlates/PDF/C3DZ-6394-PP.PDF to /home/pclark/ProjectPlates/PNG/C3DZ-6394-PP.png"
echo "Converting /home/pclark/ProjectPlates/PDF/C3DZ-9430-RND-B.PDF to /home/pclark/ProjectPlates/PNG/C3DZ-9430-RND-B.png"
echo "Converting /home/pclark/ProjectPlates/PDF/FORD-60-LiftPlate.PDF to /home/pclark/ProjectPlates/PNG/FORD-60-LiftPlate.png"
echo "Converting /home/pclark/ProjectPlates/PDF/BELLHOUSING-TEST.PDF to /home/pclark/ProjectPlates/PNG/BELLHOUSING-TEST.png"
echo "Converting /home/pclark/ProjectPlates/PDF/FORD-60-WRENCH.PDF to /home/pclark/ProjectPlates/PNG/FORD-60-WRENCH.png"
echo "Converting /home/pclark/ProjectPlates/PDF/C3DZ-9430-NOPORT-A.PDF to /home/pclark/ProjectPlates/PNG/C3DZ-9430-NOPORT-A.png"
echo "Converting /home/pclark/ProjectPlates/PDF/DUCT-HANGER.PDF to /home/pclark/ProjectPlates/PNG/DUCT-HANGER.png"
echo "Converting /home/pclark/ProjectPlates/PDF/C5ZZ-6A023-T5-A_Base.PDF to /home/pclark/ProjectPlates/PNG/C5ZZ-6A023-T5-A_Base.png"
echo "Converting /home/pclark/ProjectPlates/PDF/C3DZ-9430-STK-A.PDF to /home/pclark/ProjectPlates/PNG/C3DZ-9430-STK-A.png"
